This is pdfTeX, Version 3.141592653-2.6-1.40.26 (TeX Live 2024) (preloaded format=pdflatex 2025.1.24)  3 JUN 2025 15:56
entering extended mode
 restricted \write18 enabled.
 %&-line parsing enabled.
**LambertianPaper.tex
(./LambertianPaper.tex
LaTeX2e <2024-11-01> patch level 1
L3 programming layer <2024-12-25>
(c:/texlive/2024/texmf-dist/tex/latex/aastex/aastex631.cls
Document Class: aastex631 2020/12/20 Version 6.3.1d/AAS markup document class
Class aastex Info: 
 
 Original \LaTeX2.09 style by Chris Biemesderfer (chris@seagoat.com). 
 Adapted to \LaTeXe by A. Ogawa (ogawa@teleport.com)
 emulateapj.cls included, Copyright 2000-2015 Alexey Vikhlinin 
 Rewrite and update of emulateapj.cls, revised and enhanced with table macros, 
gridlines, draft watermark,
 track changes, new `modern' style and much more, by Amy Hendrickson,
 (amyh@texnology.com, http://www.texnology.com) 
 
  on input line 106.
\bibbaselineskip=\skip49
(c:/texlive/2024/texmf-dist/tex/latex/revtex4-1/revtex4-1.cls
Document Class: revtex4-1 2020/09/30 4.1s (http://publish.aps.org/revtex4/ for 
documentation)
 Copyright (c) 2009 The American Physical Society.
 mailto:revtex@aps.org
 Licensed under the LPPL:
http://www.ctan.org/tex-archive/macros/latex/base/lppl.txt
 Arthur Ogawa <arthur_ogawa at sbcglobal dot net>
 Based on work by David Carlisle <david at dcarlisle.demon.co.uk>.
ltxutil[2020/09/30 4.1s utilities package (portions licensed from W. E. Baxter 
web at superscript.com)]
LaTeX Info: Redefining \@centercr on input line 346.
Class revtex4-1 Info: Repairing hyperref-unfriendly LaTeX definition of \mpfoot
note on input line 471.
Class revtex4-1 Info: Repairing broken LateX \@sect on input line 793.
\intertabularlinepenalty=\count196
\@tbpen=\count197
\@arstrutbox@hline=\box52
Class revtex4-1 Info: Repairing broken LaTeX \@xbitor on input line 1824.
Class revtex4-1 Info: Making \typeout \long on input line 2089.
ltxfront[2020/09/30 4.1s frontmatter package (AO,DPC)]
\c@affil=\count198
\c@collab=\count199
\absbox=\box53
ltxgrid[2020/09/30 4.1s page grid package (portions licensed from W. E. Baxter 
web at superscript.com)]
\c@linecount=\count266
\output@latex=\toks17
\box@size@1=\box54
\box@size@2=\box55
\@protection@box=\box56
\@topmark@saved=\toks18
\footins@saved=\box57
\footins@recovered=\box58
\column@recovered=\box59
\pagesofar=\box60
\footsofar=\box61
\pagegrid@col=\count267
Class revtex4-1 Info: Overriding \@vspace, \@vspacer, \@no@pgbk, \@newline, and
 \\  on input line 5655.
\c@part=\count268
\c@section=\count269
\c@subsection=\count270
\c@subsubsection=\count271
\c@paragraph=\count272
\c@subparagraph=\count273
\abovecaptionskip=\skip50
\belowcaptionskip=\skip51
\c@figure=\count274
\fbox@1=\box62
\c@table=\count275
\fbox@2=\box63
\c@video=\count276
\fbox@4=\box64
\@bibdataout=\write3
\widetext@top=\box65
\widetext@bot=\box66
Class revtex4-1 Info: Selecting society aps on input line 7616.
(c:/texlive/2024/texmf-dist/tex/latex/revtex4-1/aps4-1.rtx
File: aps4-1 2020/09/30 4.1s (http://publish.aps.org/revtex4/ for documentation
)
Class revtex4-1 Info: RevTeX society APS selected on input line 31.
)
Class revtex4-1 Info: Selecting journal pra on input line 7618.
Class revtex4-1 Info: APS journal PRA selected on input line 7619.

(c:/texlive/2024/texmf-dist/tex/latex/revtex4-1/aps10pt4-1.rtx
File: aps10pt4-1 2020/09/30 4.1s (http://publish.aps.org/revtex4/ for documenta
tion)
Class revtex4-1 Info: RevTeX pointsize 10pt selected on input line 30.
)
(c:/texlive/2024/texmf-dist/tex/latex/textcase/textcase.sty
Package: textcase 2023/07/27 v1.04 Text only upper/lower case changing (DPC)
Package textcase Info: Defining Legacy names on input line 20.
)
(c:/texlive/2024/texmf-dist/tex/latex/url/url.sty
\Urlmuskip=\muskip17
Package: url 2013/09/16  ver 3.4  Verb mode for urls, etc.
)
(c:/texlive/2024/texmf-dist/tex/latex/natbib/natbib.sty
Package: natbib 2010/09/13 8.31b (PWD, AO)
\bibhang=\skip52
\bibsep=\skip53
LaTeX Info: Redefining \cite on input line 694.
\c@NAT@ctr=\count277
)
Class revtex4-1 Info: Repairing natbib's \BibitemShut on input line 7623.

(c:/texlive/2024/texmf-dist/tex/latex/revtex4-1/revsymb4-1.sty
Package: revsymb4-1 2020/09/30 4.1s (http://publish.aps.org/revtex4/ for docume
ntation)
LaTeX Info: Redefining \REV@mathfrak on input line 119.
))
(c:/texlive/2024/texmf-dist/tex/latex/base/latexsym.sty
Package: latexsym 1998/08/17 v2.2e Standard LaTeX package (lasy symbols)
\symlasy=\mathgroup4
LaTeX Font Info:    Overwriting symbol font `lasy' in version `bold'
(Font)                  U/lasy/m/n --> U/lasy/b/n on input line 52.
)
(c:/texlive/2024/texmf-dist/tex/latex/graphics/graphicx.sty
Package: graphicx 2021/09/16 v1.2d Enhanced LaTeX Graphics (DPC,SPQR)

(c:/texlive/2024/texmf-dist/tex/latex/graphics/keyval.sty
Package: keyval 2022/05/29 v1.15 key=value parser (DPC)
\KV@toks@=\toks19
)
(c:/texlive/2024/texmf-dist/tex/latex/graphics/graphics.sty
Package: graphics 2024/08/06 v1.4g Standard LaTeX Graphics (DPC,SPQR)

(c:/texlive/2024/texmf-dist/tex/latex/graphics/trig.sty
Package: trig 2023/12/02 v1.11 sin cos tan (DPC)
)
(c:/texlive/2024/texmf-dist/tex/latex/graphics-cfg/graphics.cfg
File: graphics.cfg 2016/06/04 v1.11 sample graphics configuration
)
Package graphics Info: Driver file: pdftex.def on input line 106.

(c:/texlive/2024/texmf-dist/tex/latex/graphics-def/pdftex.def
File: pdftex.def 2024/04/13 v1.2c Graphics/color driver for pdftex
))
\Gin@req@height=\dimen141
\Gin@req@width=\dimen142
)
(c:/texlive/2024/texmf-dist/tex/latex/amsfonts/amssymb.sty
Package: amssymb 2013/01/14 v3.01 AMS font symbols

(c:/texlive/2024/texmf-dist/tex/latex/amsfonts/amsfonts.sty
Package: amsfonts 2013/01/14 v3.01 Basic AMSFonts support
\@emptytoks=\toks20
\symAMSa=\mathgroup5
\symAMSb=\mathgroup6
LaTeX Font Info:    Redeclaring math symbol \hbar on input line 98.
LaTeX Font Info:    Overwriting math alphabet `\mathfrak' in version `bold'
(Font)                  U/euf/m/n --> U/euf/b/n on input line 106.
LaTeX Info: Redefining \frak on input line 111.
LaTeX Info: Redefining \Bbb on input line 113.
))
(c:/texlive/2024/texmf-dist/tex/generic/epsf/epsf.sty
This is `epsf.tex' v2.7.4 <14 February 2011>
\epsffilein=\read2
\epsfframemargin=\dimen143
\epsfframethickness=\dimen144
\epsfrsize=\dimen145
\epsftmp=\dimen146
\epsftsize=\dimen147
\epsfxsize=\dimen148
\epsfysize=\dimen149
\pspoints=\dimen150
)
\rptnum=\count278
\rptloopnum=\count279
\fncount=\count280
\endfncount=\count281
\c@front@matter@foot@note=\count282
\keys@width=\skip54
\c@lastfootnote=\count283
\tempsectnum=\count284
\ackbox=\box67
\c@remember@figure@num=\count285
\c@remember@table@num=\count286
\bibskip=\skip55
\bibindent=\dimen151
\plot@width=\skip56
\c@table@save=\count287
\@abovenoteskip=\dimen152
\table@note@skip=\skip57
\deluxe@table@width=\skip58
\@d@t@a=\skip59
\c@deluxe@table@num=\count288
\LTcapwidth=\dimen153
\abovedeluxetableskip=\skip60
\belowdeluxetableskip=\skip61
\lastrowheight=\dimen154
\DT@p@ftn=\toks21
\pt@column=\count289
\pt@ncol=\count290
 (c:/texlive/2024/texmf-dist/tex/latex/tools/longtable.sty
Package: longtable 2024-10-27 v4.22 Multi-page Table package (DPC)
\LTleft=\skip62
\LTright=\skip63
\LTpre=\skip64
\LTpost=\skip65
\LTchunksize=\count291
\LTcapwidth=\dimen155
\LT@head=\box68
\LT@firsthead=\box69
\LT@foot=\box70
\LT@lastfoot=\box71
\LT@gbox=\box72
\LT@cols=\count292
\LT@rows=\count293
\c@LT@tables=\count294
\c@LT@chunks=\count295
\LT@p@ftn=\toks22
)
(c:/texlive/2024/texmf-dist/tex/latex/xcolor/xcolor.sty
Package: xcolor 2024/09/29 v3.02 LaTeX color extensions (UK)

(c:/texlive/2024/texmf-dist/tex/latex/graphics-cfg/color.cfg
File: color.cfg 2016/01/02 v1.6 sample color configuration
)
Package xcolor Info: Driver file: pdftex.def on input line 274.

(c:/texlive/2024/texmf-dist/tex/latex/graphics/mathcolor.ltx)
Package xcolor Info: Model `cmy' substituted by `cmy0' on input line 1349.
Package xcolor Info: Model `hsb' substituted by `rgb' on input line 1353.
Package xcolor Info: Model `RGB' extended on input line 1365.
Package xcolor Info: Model `HTML' substituted by `rgb' on input line 1367.
Package xcolor Info: Model `Hsb' substituted by `hsb' on input line 1368.
Package xcolor Info: Model `tHsb' substituted by `hsb' on input line 1369.
Package xcolor Info: Model `HSB' substituted by `hsb' on input line 1370.
Package xcolor Info: Model `Gray' substituted by `gray' on input line 1371.
Package xcolor Info: Model `wave' substituted by `hsb' on input line 1372.
)
(c:/texlive/2024/texmf-dist/tex/latex/hyperref/hyperref.sty
Package: hyperref 2024-11-05 v7.01l Hypertext links for LaTeX

(c:/texlive/2024/texmf-dist/tex/generic/iftex/iftex.sty
Package: iftex 2024/12/12 v1.0g TeX engine tests
)
(c:/texlive/2024/texmf-dist/tex/latex/kvsetkeys/kvsetkeys.sty
Package: kvsetkeys 2022-10-05 v1.19 Key value parser (HO)
)
(c:/texlive/2024/texmf-dist/tex/generic/kvdefinekeys/kvdefinekeys.sty
Package: kvdefinekeys 2019-12-19 v1.6 Define keys (HO)
)
(c:/texlive/2024/texmf-dist/tex/generic/pdfescape/pdfescape.sty
Package: pdfescape 2019/12/09 v1.15 Implements pdfTeX's escape features (HO)

(c:/texlive/2024/texmf-dist/tex/generic/ltxcmds/ltxcmds.sty
Package: ltxcmds 2023-12-04 v1.26 LaTeX kernel commands for general use (HO)
)
(c:/texlive/2024/texmf-dist/tex/generic/pdftexcmds/pdftexcmds.sty
Package: pdftexcmds 2020-06-27 v0.33 Utility functions of pdfTeX for LuaTeX (HO
)

(c:/texlive/2024/texmf-dist/tex/generic/infwarerr/infwarerr.sty
Package: infwarerr 2019/12/03 v1.5 Providing info/warning/error messages (HO)
)
Package pdftexcmds Info: \pdf@primitive is available.
Package pdftexcmds Info: \pdf@ifprimitive is available.
Package pdftexcmds Info: \pdfdraftmode found.
))
(c:/texlive/2024/texmf-dist/tex/latex/hycolor/hycolor.sty
Package: hycolor 2020-01-27 v1.10 Color options for hyperref/bookmark (HO)
)
(c:/texlive/2024/texmf-dist/tex/latex/hyperref/nameref.sty
Package: nameref 2023-11-26 v2.56 Cross-referencing by name of section

(c:/texlive/2024/texmf-dist/tex/latex/refcount/refcount.sty
Package: refcount 2019/12/15 v3.6 Data extraction from label references (HO)
)
(c:/texlive/2024/texmf-dist/tex/generic/gettitlestring/gettitlestring.sty
Package: gettitlestring 2019/12/15 v1.6 Cleanup title references (HO)

(c:/texlive/2024/texmf-dist/tex/latex/kvoptions/kvoptions.sty
Package: kvoptions 2022-06-15 v3.15 Key value format for package options (HO)
))

Package nameref Warning: The definition of \label has changed! 
(nameref)                Check your packages! 
(nameref)                Replacing it with the kernel definition on input line 
149.

\c@section@level=\count296
) (c:/texlive/2024/texmf-dist/tex/latex/etoolbox/etoolbox.sty
Package: etoolbox 2020/10/05 v2.5k e-TeX tools for LaTeX (JAW)
\etb@tempcnta=\count297
)
(c:/texlive/2024/texmf-dist/tex/generic/stringenc/stringenc.sty
Package: stringenc 2019/11/29 v1.12 Convert strings between diff. encodings (HO
)
)
\@linkdim=\dimen156
\Hy@linkcounter=\count298
\Hy@pagecounter=\count299

(c:/texlive/2024/texmf-dist/tex/latex/hyperref/pd1enc.def
File: pd1enc.def 2024-11-05 v7.01l Hyperref: PDFDocEncoding definition (HO)
Now handling font encoding PD1 ...
... no UTF-8 mapping file for font encoding PD1
)
(c:/texlive/2024/texmf-dist/tex/generic/intcalc/intcalc.sty
Package: intcalc 2019/12/15 v1.3 Expandable calculations with integers (HO)
)
\Hy@SavedSpaceFactor=\count300

(c:/texlive/2024/texmf-dist/tex/latex/hyperref/puenc.def
File: puenc.def 2024-11-05 v7.01l Hyperref: PDF Unicode definition (HO)
Now handling font encoding PU ...
... no UTF-8 mapping file for font encoding PU
)
Package hyperref Info: Option `bookmarks' set `true' on input line 4040.
Package hyperref Info: Option `pdfnewwindow' set `true' on input line 4040.
Package hyperref Info: Option `colorlinks' set `true' on input line 4040.
Package hyperref Info: Option `final' set `true' on input line 4040.
Package hyperref Info: Hyper figures OFF on input line 4157.
Package hyperref Info: Link nesting OFF on input line 4162.
Package hyperref Info: Hyper index ON on input line 4165.
Package hyperref Info: Plain pages OFF on input line 4172.
Package hyperref Info: Backreferencing OFF on input line 4177.
Package hyperref Info: Implicit mode ON; LaTeX internals redefined.
Package hyperref Info: Bookmarks ON on input line 4424.
LaTeX Info: Redefining \href on input line 4674.
\c@Hy@tempcnt=\count301
LaTeX Info: Redefining \url on input line 4763.
\XeTeXLinkMargin=\dimen157

(c:/texlive/2024/texmf-dist/tex/generic/bitset/bitset.sty
Package: bitset 2019/12/09 v1.3 Handle bit-vector datatype (HO)

(c:/texlive/2024/texmf-dist/tex/generic/bigintcalc/bigintcalc.sty
Package: bigintcalc 2019/12/15 v1.5 Expandable calculations on big integers (HO
)
))
\Fld@menulength=\count302
\Field@Width=\dimen158
\Fld@charsize=\dimen159
Package hyperref Info: Hyper figures OFF on input line 6042.
Package hyperref Info: Link nesting OFF on input line 6047.
Package hyperref Info: Hyper index ON on input line 6050.
Package hyperref Info: backreferencing OFF on input line 6057.
Package hyperref Info: Link coloring ON on input line 6060.
Package hyperref Info: Link coloring with OCG OFF on input line 6067.
Package hyperref Info: PDF/A mode OFF on input line 6072.

(c:/texlive/2024/texmf-dist/tex/latex/base/atbegshi-ltx.sty
Package: atbegshi-ltx 2021/01/10 v1.0c Emulation of the original atbegshi
package with kernel methods
)
\Hy@abspage=\count303
\c@Item=\count304
\c@Hfootnote=\count305
)
Package hyperref Info: Driver (autodetected): hpdftex.

(c:/texlive/2024/texmf-dist/tex/latex/hyperref/hpdftex.def
File: hpdftex.def 2024-11-05 v7.01l Hyperref driver for pdfTeX

(c:/texlive/2024/texmf-dist/tex/latex/base/atveryend-ltx.sty
Package: atveryend-ltx 2020/08/19 v1.0a Emulation of the original atveryend pac
kage
with kernel methods
)
\Fld@listcount=\count306
\c@bookmark@seq@number=\count307

(c:/texlive/2024/texmf-dist/tex/latex/rerunfilecheck/rerunfilecheck.sty
Package: rerunfilecheck 2022-07-10 v1.10 Rerun checks for auxiliary files (HO)

(c:/texlive/2024/texmf-dist/tex/generic/uniquecounter/uniquecounter.sty
Package: uniquecounter 2019/12/15 v1.4 Provide unlimited unique counter (HO)
)
Package uniquecounter Info: New unique counter `rerunfilecheck' on input line 2
85.
)
\Hy@SectionHShift=\skip66
)
(c:/texlive/2024/texmf-dist/tex/latex/tools/array.sty
Package: array 2024/10/17 v2.6g Tabular extension package (FMi)
\col@sep=\dimen160
\ar@mcellbox=\box73
\extrarowheight=\dimen161
\NC@list=\toks23
\extratabsurround=\skip67
\backup@length=\skip68
\ar@cellbox=\box74
)
\colcount=\count308
\firstcolcount=\count309
\secondcolcount=\count310
\thirdcolcount=\count311
\columncount=\count312
\howmanyDs=\count313
\firsthowmanyDs=\count314
\secondhowmanyDs=\count315
\PartsOfTable=\count316
\columnoneandtwo=\count317
\colnumsused=\count318
\loopnum=\count319
\totalcolumncount=\count320
\totalcolumns=\count321
\firsttablebox=\box75
\secondtablebox=\box76
\thirdtablebox=\box77
\longtablebox=\box78
\splitbox=\box79
\movetabledown=\dimen162
\maxtablewidth=\dimen163
\savetabskip=\dimen164
\tempcounter=\count322
\colheadcount=\count323
\rotatetablebox=\box80
\colorcount=\count324
\editnum=\count325
\refchangenumber=\count326
\listchangenum=\count327

(c:/texlive/2024/texmf-dist/tex/generic/ulem/ulem.sty
\UL@box=\box81
\UL@hyphenbox=\box82
\UL@skip=\skip69
\UL@hook=\toks24
\UL@height=\dimen165
\UL@pe=\count328
\UL@pixel=\dimen166
\ULC@box=\box83
Package: ulem 2019/11/18
\ULdepth=\dimen167
)
\entriesinthiscollab=\count329
\allentries=\count330
\AuthorCollaborationLimit=\count331
\largestAffilNum=\count332
\totalentries=\count333
\docollabnum=\count334
\tempauthornumber=\count335
\countauthors=\count336
\testnum=\count337
\tempauthorminusone=\count338
\affilnum=\count339
\c@affilcount=\count340
\numauthors=\count341
\collabnum=\count342
\collabnamebox=\box84
\widetext@top=\box85
\widetext@bot=\box86
\currwidth=\dimen168
\interactbox=\box87
\movetableright=\dimen169

(c:/texlive/2024/texmf-dist/tex/latex/lineno/lineno.sty
Package: lineno 2023/05/20 line numbers on paragraphs v5.3
\linenopenalty=\count343
\output=\toks25
\linenoprevgraf=\count344
\linenumbersep=\dimen170
\linenumberwidth=\dimen171
\c@linenumber=\count345
\c@pagewiselinenumber=\count346
\c@LN@truepage=\count347
\c@internallinenumber=\count348
\c@internallinenumbers=\count349
\quotelinenumbersep=\dimen172
\bframerule=\dimen173
\bframesep=\dimen174
\bframebox=\box88
LaTeX Info: Redefining \\ on input line 3180.
))
(c:/texlive/2024/texmf-dist/tex/latex/mathtools/mathtools.sty
Package: mathtools 2024/10/04 v1.31 mathematical typesetting tools

(c:/texlive/2024/texmf-dist/tex/latex/tools/calc.sty
Package: calc 2023/07/08 v4.3 Infix arithmetic (KKT,FJ)
\calc@Acount=\count350
\calc@Bcount=\count351
\calc@Adimen=\dimen175
\calc@Bdimen=\dimen176
\calc@Askip=\skip70
\calc@Bskip=\skip71
LaTeX Info: Redefining \setlength on input line 80.
LaTeX Info: Redefining \addtolength on input line 81.
\calc@Ccount=\count352
\calc@Cskip=\skip72
)
(c:/texlive/2024/texmf-dist/tex/latex/mathtools/mhsetup.sty
Package: mhsetup 2021/03/18 v1.4 programming setup (MH)
)
(c:/texlive/2024/texmf-dist/tex/latex/amsmath/amsmath.sty
Package: amsmath 2024/11/05 v2.17t AMS math features
\@mathmargin=\skip73

For additional information on amsmath, use the `?' option.
(c:/texlive/2024/texmf-dist/tex/latex/amsmath/amstext.sty
Package: amstext 2021/08/26 v2.01 AMS text

(c:/texlive/2024/texmf-dist/tex/latex/amsmath/amsgen.sty
File: amsgen.sty 1999/11/30 v2.0 generic functions
\@emptytoks=\toks26
\ex@=\dimen177
)
LaTeX Info: Redefining \text on input line 28.
)
(c:/texlive/2024/texmf-dist/tex/latex/amsmath/amsbsy.sty
Package: amsbsy 1999/11/29 v1.2d Bold Symbols
\pmbraise@=\dimen178
)
(c:/texlive/2024/texmf-dist/tex/latex/amsmath/amsopn.sty
Package: amsopn 2022/04/08 v2.04 operator names
)
\inf@bad=\count353
LaTeX Info: Redefining \frac on input line 233.
\uproot@=\count354
\leftroot@=\count355
LaTeX Info: Redefining \overline on input line 398.
LaTeX Info: Redefining \colon on input line 409.
\classnum@=\count356
\DOTSCASE@=\count357
LaTeX Info: Redefining \ldots on input line 495.
LaTeX Info: Redefining \dots on input line 498.
LaTeX Info: Redefining \cdots on input line 619.
\Mathstrutbox@=\box89
\strutbox@=\box90
LaTeX Info: Redefining \big on input line 721.
LaTeX Info: Redefining \Big on input line 722.
LaTeX Info: Redefining \bigg on input line 723.
LaTeX Info: Redefining \Bigg on input line 724.
\big@size=\dimen179
LaTeX Font Info:    Redeclaring font encoding OML on input line 742.
LaTeX Font Info:    Redeclaring font encoding OMS on input line 743.
\macc@depth=\count358
LaTeX Info: Redefining \bmod on input line 904.
LaTeX Info: Redefining \pmod on input line 909.
LaTeX Info: Redefining \smash on input line 939.
LaTeX Info: Redefining \relbar on input line 969.
LaTeX Info: Redefining \Relbar on input line 970.
\c@MaxMatrixCols=\count359
\dotsspace@=\muskip18
\c@parentequation=\count360
\dspbrk@lvl=\count361
\tag@help=\toks27
\row@=\count362
\column@=\count363
\maxfields@=\count364
\andhelp@=\toks28
\eqnshift@=\dimen180
\alignsep@=\dimen181
\tagshift@=\dimen182
\tagwidth@=\dimen183
\totwidth@=\dimen184
\lineht@=\dimen185
\@envbody=\toks29
\multlinegap=\skip74
\multlinetaggap=\skip75
\mathdisplay@stack=\toks30
LaTeX Info: Redefining \[ on input line 2953.
LaTeX Info: Redefining \] on input line 2954.
)
\linenoamsmath@ams@eqpen=\count365
\g_MT_multlinerow_int=\count366
\l_MT_multwidth_dim=\dimen186
\origjot=\skip76
\l_MT_shortvdotswithinadjustabove_dim=\dimen187
\l_MT_shortvdotswithinadjustbelow_dim=\dimen188
\l_MT_above_intertext_sep=\dimen189
\l_MT_below_intertext_sep=\dimen190
\l_MT_above_shortintertext_sep=\dimen191
\l_MT_below_shortintertext_sep=\dimen192
\xmathstrut@box=\box91
\xmathstrut@dim=\dimen193
)
(c:/texlive/2024/texmf-dist/tex/latex/booktabs/booktabs.sty
Package: booktabs 2020/01/12 v1.61803398 Publication quality tables
\heavyrulewidth=\dimen194
\lightrulewidth=\dimen195
\cmidrulewidth=\dimen196
\belowrulesep=\dimen197
\belowbottomsep=\dimen198
\aboverulesep=\dimen199
\abovetopsep=\dimen256
\cmidrulesep=\dimen257
\cmidrulekern=\dimen258
\defaultaddspace=\dimen259
\@cmidla=\count367
\@cmidlb=\count368
\@aboverulesep=\dimen260
\@belowrulesep=\dimen261
\@thisruleclass=\count369
\@lastruleclass=\count370
\@thisrulewidth=\dimen262
) (./apjfonts.sty
Package: apjfonts 1995/08/16{} Times + math package

(c:/texlive/2024/texmf-dist/tex/latex/base/fontenc.sty
Package: fontenc 2021/04/29 v2.0v Standard LaTeX package
)
\symcmoperators=\mathgroup7
\symcmitoperators=\mathgroup8
LaTeX Font Info:    Redeclaring symbol font `operators' on input line 368.
LaTeX Font Info:    Overwriting symbol font `operators' in version `normal'
(Font)                  OT1/cmr/m/n --> OT1/ptm/m/n on input line 368.
LaTeX Font Info:    Overwriting symbol font `operators' in version `bold'
(Font)                  OT1/cmr/bx/n --> OT1/ptm/m/n on input line 368.
LaTeX Font Info:    Redeclaring symbol font `letters' on input line 368.
LaTeX Font Info:    Overwriting symbol font `letters' in version `normal'
(Font)                  OML/cmm/m/it --> OML/ptmcm/m/it on input line 368.
LaTeX Font Info:    Overwriting symbol font `letters' in version `bold'
(Font)                  OML/cmm/b/it --> OML/ptmcm/m/it on input line 368.
\symptmletters=\mathgroup9
\symcmletters=\mathgroup10
LaTeX Font Info:    Redeclaring symbol font `symbols' on input line 368.
LaTeX Font Info:    Overwriting symbol font `symbols' in version `normal'
(Font)                  OMS/cmsy/m/n --> OMS/cmsy/m/n on input line 368.
LaTeX Font Info:    Overwriting symbol font `symbols' in version `bold'
(Font)                  OMS/cmsy/b/n --> OMS/cmsy/m/n on input line 368.
\symptmsymbols=\mathgroup11
LaTeX Font Info:    Redeclaring symbol font `largesymbols' on input line 368.
LaTeX Font Info:    Overwriting symbol font `largesymbols' in version `normal'
(Font)                  OMX/cmex/m/n --> OMX/cmex/m/n on input line 368.
LaTeX Font Info:    Overwriting symbol font `largesymbols' in version `bold'
(Font)                  OMX/cmex/m/n --> OMX/cmex/m/n on input line 368.
\symbold=\mathgroup12
\symitalic=\mathgroup13
LaTeX Font Info:    Overwriting symbol font `cmoperators' in version `bold'
(Font)                  OT1/cmr/m/n --> OT1/cmr/b/n on input line 368.
LaTeX Font Info:    Overwriting symbol font `cmitoperators' in version `bold'
(Font)                  OT1/cmr/m/it --> OT1/cmr/bx/it on input line 368.
LaTeX Font Info:    Overwriting symbol font `operators' in version `bold'
(Font)                  OT1/ptm/m/n --> OT1/ptm/bx/n on input line 368.
LaTeX Font Info:    Overwriting symbol font `letters' in version `bold'
(Font)                  OML/ptmcm/m/it --> OML/ptmCM/b/it on input line 368.
LaTeX Font Info:    Overwriting symbol font `ptmletters' in version `bold'
(Font)                  OML/ptmcm/m/it --> OML/ptmCM/b/it on input line 368.
LaTeX Font Info:    Overwriting symbol font `cmletters' in version `bold'
(Font)                  OML/cmm/m/it --> OML/cmm/b/it on input line 368.
LaTeX Font Info:    Overwriting symbol font `symbols' in version `bold'
(Font)                  OMS/cmsy/m/n --> OMS/cmsy/b/n on input line 368.
LaTeX Font Info:    Overwriting symbol font `largesymbols' in version `bold'
(Font)                  OMX/cmex/m/n --> OMX/cmex/m/n on input line 368.
LaTeX Font Info:    Overwriting symbol font `bold' in version `bold'
(Font)                  OT1/ptm/bx/n --> OT1/ptm/bx/n on input line 368.
LaTeX Font Info:    Overwriting symbol font `italic' in version `bold'
(Font)                  OT1/ptm/m/it --> OT1/ptm/b/it on input line 368.
LaTeX Font Info:    Redeclaring math alphabet \mathbf on input line 368.
LaTeX Font Info:    Overwriting math alphabet `\mathbf' in version `normal'
(Font)                  OT1/cmr/bx/n --> OT1/ptm/bx/n on input line 368.
LaTeX Font Info:    Overwriting math alphabet `\mathbf' in version `bold'
(Font)                  OT1/cmr/bx/n --> OT1/ptm/bx/n on input line 368.
LaTeX Font Info:    Redeclaring math alphabet \mathit on input line 368.
LaTeX Font Info:    Overwriting math alphabet `\mathit' in version `normal'
(Font)                  OT1/cmr/m/it --> OT1/ptm/m/it on input line 368.
LaTeX Font Info:    Overwriting math alphabet `\mathit' in version `bold'
(Font)                  OT1/cmr/bx/it --> OT1/ptm/m/it on input line 368.
LaTeX Font Info:    Redeclaring math symbol \alpha on input line 368.
LaTeX Font Info:    Redeclaring math symbol \beta on input line 368.
LaTeX Font Info:    Redeclaring math symbol \gamma on input line 368.
LaTeX Font Info:    Redeclaring math symbol \delta on input line 368.
LaTeX Font Info:    Redeclaring math symbol \epsilon on input line 368.
LaTeX Font Info:    Redeclaring math symbol \zeta on input line 368.
LaTeX Font Info:    Redeclaring math symbol \eta on input line 368.
LaTeX Font Info:    Redeclaring math symbol \theta on input line 368.
LaTeX Font Info:    Redeclaring math symbol \iota on input line 368.
LaTeX Font Info:    Redeclaring math symbol \kappa on input line 368.
LaTeX Font Info:    Redeclaring math symbol \lambda on input line 368.
LaTeX Font Info:    Redeclaring math symbol \mu on input line 368.
LaTeX Font Info:    Redeclaring math symbol \nu on input line 368.
LaTeX Font Info:    Redeclaring math symbol \xi on input line 368.
LaTeX Font Info:    Redeclaring math symbol \pi on input line 368.
LaTeX Font Info:    Redeclaring math symbol \rho on input line 368.
LaTeX Font Info:    Redeclaring math symbol \sigma on input line 368.
LaTeX Font Info:    Redeclaring math symbol \tau on input line 368.
LaTeX Font Info:    Redeclaring math symbol \upsilon on input line 368.
LaTeX Font Info:    Redeclaring math symbol \phi on input line 368.
LaTeX Font Info:    Redeclaring math symbol \chi on input line 368.
LaTeX Font Info:    Redeclaring math symbol \psi on input line 368.
LaTeX Font Info:    Redeclaring math symbol \omega on input line 368.
LaTeX Font Info:    Redeclaring math symbol \varepsilon on input line 368.
LaTeX Font Info:    Redeclaring math symbol \vartheta on input line 368.
LaTeX Font Info:    Redeclaring math symbol \varrho on input line 368.
LaTeX Font Info:    Redeclaring math symbol \varsigma on input line 368.
LaTeX Font Info:    Redeclaring math symbol \varphi on input line 368.
LaTeX Font Info:    Redeclaring math symbol \partial on input line 368.
LaTeX Font Info:    Redeclaring math symbol \ell on input line 368.
LaTeX Font Info:    Redeclaring math symbol \ell on input line 368.
LaTeX Font Info:    Redeclaring math symbol \Gamma on input line 368.
LaTeX Font Info:    Redeclaring math symbol \Delta on input line 368.
LaTeX Font Info:    Redeclaring math symbol \Theta on input line 368.
LaTeX Font Info:    Redeclaring math symbol \Lambda on input line 368.
LaTeX Font Info:    Redeclaring math symbol \Xi on input line 368.
LaTeX Font Info:    Redeclaring math symbol \Pi on input line 368.
LaTeX Font Info:    Redeclaring math symbol \Sigma on input line 368.
LaTeX Font Info:    Redeclaring math symbol \Upsilon on input line 368.
LaTeX Font Info:    Redeclaring math symbol \Phi on input line 368.
LaTeX Font Info:    Redeclaring math symbol \Psi on input line 368.
LaTeX Font Info:    Redeclaring math symbol \Omega on input line 368.
LaTeX Font Info:    Redeclaring math symbol \varGamma on input line 368.
LaTeX Font Info:    Redeclaring math symbol \varDelta on input line 368.
LaTeX Font Info:    Redeclaring math symbol \varTheta on input line 368.
LaTeX Font Info:    Redeclaring math symbol \varLambda on input line 368.
LaTeX Font Info:    Redeclaring math symbol \varXi on input line 368.
LaTeX Font Info:    Redeclaring math symbol \varPi on input line 368.
LaTeX Font Info:    Redeclaring math symbol \varSigma on input line 368.
LaTeX Font Info:    Redeclaring math symbol \varUpsilon on input line 368.
LaTeX Font Info:    Redeclaring math symbol \varPhi on input line 368.
LaTeX Font Info:    Redeclaring math symbol \varPsi on input line 368.
LaTeX Font Info:    Redeclaring math symbol \varOmega on input line 368.
LaTeX Font Info:    Redeclaring math accent \acute on input line 368.
LaTeX Font Info:    Redeclaring math accent \bar on input line 368.
LaTeX Font Info:    Redeclaring math accent \breve on input line 368.
LaTeX Font Info:    Redeclaring math accent \check on input line 368.
LaTeX Font Info:    Redeclaring math accent \ddot on input line 368.
LaTeX Font Info:    Redeclaring math accent \dot on input line 368.
LaTeX Font Info:    Redeclaring math accent \grave on input line 368.
LaTeX Font Info:    Redeclaring math accent \hat on input line 368.
LaTeX Font Info:    Redeclaring math accent \tilde on input line 368.
LaTeX Font Info:    Redeclaring math accent \vec on input line 368.
)
(c:/texlive/2024/texmf-dist/tex/generic/soul/soul.sty
Package: soul 2023-06-14 v3.1 Permit use of UTF-8 characters in soul (HO)

(c:/texlive/2024/texmf-dist/tex/generic/soul/soul-ori.sty
Package: soul-ori 2023-06-14 v3.1 letterspacing/underlining (mf)
\SOUL@word=\toks31
\SOUL@lasttoken=\toks32
\SOUL@syllable=\toks33
\SOUL@cmds=\toks34
\SOUL@buffer=\toks35
\SOUL@token=\toks36
\SOUL@syllgoal=\dimen263
\SOUL@syllwidth=\dimen264
\SOUL@charkern=\dimen265
\SOUL@hyphkern=\dimen266
\SOUL@dimen=\dimen267
\SOUL@dimeni=\dimen268
\SOUL@minus=\count371
\SOUL@comma=\count372
\SOUL@apo=\count373
\SOUL@grave=\count374
\SOUL@spaceskip=\skip77
\SOUL@ttwidth=\dimen269
\SOUL@uldp=\dimen270
\SOUL@ulht=\dimen271
)
(c:/texlive/2024/texmf-dist/tex/generic/etexcmds/etexcmds.sty
Package: etexcmds 2019/12/15 v1.7 Avoid name clashes with e-TeX commands (HO)
))
Class revtex4-1 Info: Unrecognized array package. Please update this document c
lass! (Proceeding with fingers crossed.) on input line 12.
Class revtex4-1 Info: Patching unrecognized longtable package. (Proceeding with
 fingers crossed) on input line 12.
Class revtex4-1 Info: cite was not loaded (OK!) on input line 12.
Class revtex4-1 Info: mcite was not loaded (OK!) on input line 12.
Class revtex4-1 Info: multicol was not loaded (OK!) on input line 12.
LaTeX Font Info:    Trying to load font information for T1+ptm on input line 12
.

(c:/texlive/2024/texmf-dist/tex/latex/psnfss/t1ptm.fd
File: t1ptm.fd 2001/06/04 font definitions for T1/ptm.
)
(c:/texlive/2024/texmf-dist/tex/latex/l3backend/l3backend-pdftex.def
File: l3backend-pdftex.def 2024-05-08 L3 backend support: PDF output (pdfTeX)
\l__color_backend_stack_int=\count375
\l__pdf_internal_box=\box92
)
(./LambertianPaper.aux)
\openout1 = `LambertianPaper.aux'.

LaTeX Font Info:    Checking defaults for OML/cmm/m/it on input line 12.
LaTeX Font Info:    ... okay on input line 12.
LaTeX Font Info:    Checking defaults for OMS/cmsy/m/n on input line 12.
LaTeX Font Info:    ... okay on input line 12.
LaTeX Font Info:    Checking defaults for OT1/cmr/m/n on input line 12.
LaTeX Font Info:    ... okay on input line 12.
LaTeX Font Info:    Checking defaults for T1/cmr/m/n on input line 12.
LaTeX Font Info:    ... okay on input line 12.
LaTeX Font Info:    Checking defaults for TS1/cmr/m/n on input line 12.
LaTeX Font Info:    ... okay on input line 12.
LaTeX Font Info:    Checking defaults for OMX/cmex/m/n on input line 12.
LaTeX Font Info:    ... okay on input line 12.
LaTeX Font Info:    Checking defaults for U/cmr/m/n on input line 12.
LaTeX Font Info:    ... okay on input line 12.
LaTeX Font Info:    Checking defaults for PD1/pdf/m/n on input line 12.
LaTeX Font Info:    ... okay on input line 12.
LaTeX Font Info:    Checking defaults for PU/pdf/m/n on input line 12.
LaTeX Font Info:    ... okay on input line 12.

(c:/texlive/2024/texmf-dist/tex/context/base/mkii/supp-pdf.mkii
[Loading MPS to PDF converter (version 2006.09.02).]
\scratchcounter=\count376
\scratchdimen=\dimen272
\scratchbox=\box93
\nofMPsegments=\count377
\nofMParguments=\count378
\everyMPshowfont=\toks37
\MPscratchCnt=\count379
\MPscratchDim=\dimen273
\MPnumerator=\count380
\makeMPintoPDFobject=\count381
\everyMPtoPDFconversion=\toks38
) (c:/texlive/2024/texmf-dist/tex/latex/epstopdf-pkg/epstopdf-base.sty
Package: epstopdf-base 2020-01-24 v2.11 Base part for package epstopdf
Package epstopdf-base Info: Redefining graphics rule for `.eps' on input line 4
85.

(c:/texlive/2024/texmf-dist/tex/latex/latexconfig/epstopdf-sys.cfg
File: epstopdf-sys.cfg 2010/07/13 v1.3 Configuration of (r)epstopdf for TeX Liv
e
))
Package hyperref Info: Link coloring ON on input line 12.

(./LambertianPaper.out) (./LambertianPaper.out)
\@outlinefile=\write4
\openout4 = `LambertianPaper.out'.

Class revtex4-1 Info: Overriding lineo.sty, restoring output routine, on input 
line 12.
Class revtex4-1 Info: Reinvoke \linenumbers on input line 12.
Class revtex4-1 Info: Overriding \@LN@LLerror on input line 12.


Class revtex4-1 Warning: Assuming \noaffiliation for authors.

LaTeX Font Info:    Trying to load font information for OT1+ptm on input line 4
3.
(c:/texlive/2024/texmf-dist/tex/latex/psnfss/ot1ptm.fd
File: ot1ptm.fd 2001/06/04 font definitions for OT1/ptm.
)
LaTeX Font Info:    Trying to load font information for OML+ptmcm on input line
 43.

(c:/texlive/2024/texmf-dist/tex/latex/psnfss/omlptmcm.fd
File: omlptmcm.fd 2000/01/03 Fontinst v1.801 font definitions for OML/ptmcm.
)
LaTeX Font Info:    Trying to load font information for U+lasy on input line 43
.

(c:/texlive/2024/texmf-dist/tex/latex/base/ulasy.fd
File: ulasy.fd 1998/08/17 v2.2e LaTeX symbol font definitions
)
LaTeX Font Info:    Trying to load font information for U+msa on input line 43.


(c:/texlive/2024/texmf-dist/tex/latex/amsfonts/umsa.fd
File: umsa.fd 2013/01/14 v3.01 AMS symbols A
)
LaTeX Font Info:    Trying to load font information for U+msb on input line 43.


(c:/texlive/2024/texmf-dist/tex/latex/amsfonts/umsb.fd
File: umsb.fd 2013/01/14 v3.01 AMS symbols B
)
LaTeX Font Info:    Trying to load font information for U+psy on input line 43.


(c:/texlive/2024/texmf-dist/tex/latex/psnfss/upsy.fd
File: upsy.fd 2001/06/04 font definitions for U/psy.
)
LaTeX Font Info:    Font shape `OT1/ptm/bx/n' in size <8> not available
(Font)              Font shape `OT1/ptm/b/n' tried instead on input line 43.
LaTeX Font Info:    Font shape `OT1/ptm/bx/n' in size <6> not available
(Font)              Font shape `OT1/ptm/b/n' tried instead on input line 43.
LaTeX Font Info:    Font shape `OT1/ptm/bx/n' in size <5> not available
(Font)              Font shape `OT1/ptm/b/n' tried instead on input line 43.
LaTeX Font Info:    Font shape `OT1/ptm/bx/n' in size <10> not available
(Font)              Font shape `OT1/ptm/b/n' tried instead on input line 43.
LaTeX Font Info:    Font shape `OT1/ptm/bx/n' in size <7> not available
(Font)              Font shape `OT1/ptm/b/n' tried instead on input line 43.
LaTeX Font Info:    Font shape `OT1/ptm/bx/n' in size <9> not available
(Font)              Font shape `OT1/ptm/b/n' tried instead on input line 43.
LaTeX Font Info:    Trying to load font information for T1+phv on input line 43
.

(c:/texlive/2024/texmf-dist/tex/latex/psnfss/t1phv.fd
File: t1phv.fd 2020/03/25 scalable font definitions for T1/phv.
) [1{c:/texlive/2024/texmf-var/fonts/map/pdftex/updmap/pdftex.map}{c:/texlive/2
024/texmf-dist/fonts/enc/dvips/base/8r.enc}]
Underfull \hbox (badness 2418) in paragraph at lines 57--58
[][]\T1/ptm/b/n/10 METHODS: Ja-son's Sec-tion. Brief sum-mary of
 []

<SRTCLayout.pdf, id=117, 462.52798pt x 252.22733pt>
File: SRTCLayout.pdf Graphic file (type pdf)
<use SRTCLayout.pdf>
Package pdftex.def Info: SRTCLayout.pdf  used on input line 70.
(pdftex.def)             Requested size: 231.26341pt x 126.11334pt.
<LambertianSimA0.pdf, id=118, 575.49042pt x 297.511pt>
File: LambertianSimA0.pdf Graphic file (type pdf)
<use LambertianSimA0.pdf>
Package pdftex.def Info: LambertianSimA0.pdf  used on input line 79.
(pdftex.def)             Requested size: 230.19208pt x 119.00227pt.
<LambertianSim.pdf, id=119, 575.49042pt x 297.511pt>
File: LambertianSim.pdf Graphic file (type pdf)
<use LambertianSim.pdf>
Package pdftex.def Info: LambertianSim.pdf  used on input line 86.
(pdftex.def)             Requested size: 230.19208pt x 119.00227pt.
<LambertianSimA2.pdf, id=120, 575.49042pt x 297.511pt>
File: LambertianSimA2.pdf Graphic file (type pdf)
<use LambertianSimA2.pdf>
Package pdftex.def Info: LambertianSimA2.pdf  used on input line 93.
(pdftex.def)             Requested size: 230.19208pt x 119.00227pt.
[2 <./SRTCLayout.pdf> <./LambertianSimA0.pdf> <./LambertianSim.pdf>]

LaTeX Warning: A float is stuck (cannot be placed) on input line 102.


LaTeX Warning: A float is stuck (cannot be placed) on input line 102.


Class revtex4-1 Warning: Deferred float stuck during \clearpage processing.

<VGDisplayLabel.pdf, id=251, 462.52798pt x 307.87523pt>
File: VGDisplayLabel.pdf Graphic file (type pdf)
<use VGDisplayLabel.pdf>
Package pdftex.def Info: VGDisplayLabel.pdf  used on input line 106.
(pdftex.def)             Requested size: 254.39116pt x 169.3319pt.

Overfull \hbox (12.12463pt too wide) in paragraph at lines 106--108
 [][] 
 []

<TitanSurfaceMask.pdf, id=254, 875.67104pt x 464.2538pt>
File: TitanSurfaceMask.pdf Graphic file (type pdf)
<use TitanSurfaceMask.pdf>
Package pdftex.def Info: TitanSurfaceMask.pdf  used on input line 119.
(pdftex.def)             Requested size: 218.91722pt x 116.06316pt.
[3 <./LambertianSimA2.pdf> <./VGDisplayLabel.pdf> <./TitanSurfaceMask.pdf>]
[4] (./LambertianPaper.bbl [5]) [6] (./LambertianPaper.aux)
 ***********
LaTeX2e <2024-11-01> patch level 1
L3 programming layer <2024-12-25>
 ***********
Package rerunfilecheck Info: File `LambertianPaper.out' has not changed.
(rerunfilecheck)             Checksum: D875CDD19532B2374EDAF287226B1509;833.
 ) 
Here is how much of TeX's memory you used:
 15121 strings out of 473207
 223568 string characters out of 5720461
 702761 words of memory out of 5000000
 38084 multiletter control sequences out of 15000+600000
 634852 words of font info for 136 fonts, out of 8000000 for 9000
 1141 hyphenation exceptions out of 8191
 90i,8n,93p,1668b,677s stack positions out of 10000i,1000n,20000p,200000b,200000s
<c:/texlive/2024/texmf-dist/fonts/type1/public/amsfonts/cm/cmmi9.pfb><c:/texl
ive/2024/texmf-dist/fonts/type1/public/amsfonts/cm/cmsy6.pfb><c:/texlive/2024/t
exmf-dist/fonts/type1/public/amsfonts/cm/cmsy7.pfb><c:/texlive/2024/texmf-dist/
fonts/type1/urw/helvetic/uhvr8a.pfb><c:/texlive/2024/texmf-dist/fonts/type1/urw
/times/utmb8a.pfb><c:/texlive/2024/texmf-dist/fonts/type1/urw/times/utmr8a.pfb>
<c:/texlive/2024/texmf-dist/fonts/type1/urw/times/utmri8a.pfb>
Output written on LambertianPaper.pdf (6 pages, 870875 bytes).
PDF statistics:
 473 PDF objects out of 1000 (max. 8388607)
 259 compressed objects within 3 object streams
 41 named destinations out of 1000 (max. 500000)
 87 words of extra memory for PDF output out of 10000 (max. 10000000)

